<?xml version="1.0" encoding="utf-8"?><testsuites name="pytest tests"><testsuite name="pytest" errors="0" failures="0" skipped="0" tests="30" time="4.283" timestamp="2026-03-17T14:38:12.712603+00:00" hostname="agent-env-6fa5dea3-8b90-40bd-bf40-69b0505bf964"><testcase classname="backend.tests.test_batch_b_c_d_e_g.TestBatchB_CustomerFlow" name="test_qr_info_fast_mode" time="0.287" /><testcase classname="backend.tests.test_batch_b_c_d_e_g.TestBatchB_CustomerFlow" name="test_fast_entry_creates_session" time="0.102" /><testcase classname="backend.tests.test_batch_b_c_d_e_g.TestBatchB_CustomerFlow" name="test_assisted_entry_register" time="0.071" /><testcase classname="backend.tests.test_batch_b_c_d_e_g.TestBatchB_CustomerFlow" name="test_routes_list_for_hub" time="0.073" /><testcase classname="backend.tests.test_batch_b_c_d_e_g.TestBatchB_CustomerFlow" name="test_select_route_with_distance" time="0.185" /><testcase classname="backend.tests.test_batch_b_c_d_e_g.TestBatchB_CustomerFlow" name="test_location_consent_grant" time="0.170" /><testcase classname="backend.tests.test_batch_b_c_d_e_g.TestBatchB_CustomerFlow" name="test_location_consent_deny" time="0.152" /><testcase classname="backend.tests.test_batch_b_c_d_e_g.TestBatchB_CustomerFlow" name="test_assist_event_whatsapp_video" time="0.132" /><testcase classname="backend.tests.test_batch_b_c_d_e_g.TestBatchC_RecoveryFlow" name="test_recovery_candidates" time="0.278" /><testcase classname="backend.tests.test_batch_b_c_d_e_g.TestBatchC_RecoveryFlow" name="test_recovery_candidates_requires_route" time="0.122" /><testcase classname="backend.tests.test_batch_b_c_d_e_g.TestBatchC_RecoveryFlow" name="test_recover_session_resumes_from_checkpoint" time="0.400" /><testcase classname="backend.tests.test_batch_b_c_d_e_g.TestBatchD_HelpdeskDashboard" name="test_helpdesk_live_customers" time="0.126" /><testcase classname="backend.tests.test_batch_b_c_d_e_g.TestBatchD_HelpdeskDashboard" name="test_helpdesk_recent_completed" time="0.074" /><testcase classname="backend.tests.test_batch_b_c_d_e_g.TestBatchD_HelpdeskDashboard" name="test_helpdesk_claim_session" time="0.180" /><testcase classname="backend.tests.test_batch_b_c_d_e_g.TestBatchD_HelpdeskDashboard" name="test_helpdesk_unclaim_session" time="0.189" /><testcase classname="backend.tests.test_batch_b_c_d_e_g.TestBatchD_HelpdeskDashboard" name="test_helpdesk_case_actions" time="0.150" /><testcase classname="backend.tests.test_batch_b_c_d_e_g.TestBatchE_AdminDashboard" name="test_admin_enhanced_stats" time="0.126" /><testcase classname="backend.tests.test_batch_b_c_d_e_g.TestBatchE_AdminDashboard" name="test_admin_reports_sessions" time="0.086" /><testcase classname="backend.tests.test_batch_b_c_d_e_g.TestBatchE_AdminDashboard" name="test_admin_reports_sessions_with_filters" time="0.068" /><testcase classname="backend.tests.test_batch_b_c_d_e_g.TestBatchE_AdminDashboard" name="test_admin_export_csv" time="0.063" /><testcase classname="backend.tests.test_batch_b_c_d_e_g.TestBatchE_AdminDashboard" name="test_admin_export_xlsx" time="0.430" /><testcase classname="backend.tests.test_batch_b_c_d_e_g.TestBatchE_AdminDashboard" name="test_admin_user_performance" time="0.120" /><testcase classname="backend.tests.test_batch_b_c_d_e_g.TestRBAC" name="test_trainer_cannot_export" time="0.134" /><testcase classname="backend.tests.test_batch_b_c_d_e_g.TestRBAC" name="test_helpdesk_can_access_live_customers" time="0.080" /><testcase classname="backend.tests.test_batch_b_c_d_e_g.TestRBAC" name="test_helpdesk_can_access_recent_completed" time="0.065" /><testcase classname="backend.tests.test_batch_b_c_d_e_g.TestRBAC" name="test_admin_can_access_enhanced_stats" time="0.063" /><testcase classname="backend.tests.test_batch_b_c_d_e_g.TestRBAC" name="test_helpdesk_cannot_access_enhanced_stats" time="0.058" /><testcase classname="backend.tests.test_batch_b_c_d_e_g.TestHealthAndBasics" name="test_health_endpoint" time="0.050" /><testcase classname="backend.tests.test_batch_b_c_d_e_g.TestHealthAndBasics" name="test_public_routes_list" time="0.062" /><testcase classname="backend.tests.test_batch_b_c_d_e_g.TestHealthAndBasics" name="test_schematic_map" time="0.058" /></testsuite></testsuites>