<?xml version="1.0" encoding="utf-8"?><testsuites name="pytest tests"><testsuite name="pytest" errors="0" failures="0" skipped="0" tests="5" time="1.474" timestamp="2026-04-02T11:16:43.586744+00:00" hostname="agent-env-ff9a8d23-4d12-4b38-bd51-3ccf1db577ca"><testcase classname="backend.tests.test_direction_arrows.TestDirectionArrows" name="test_get_routes" time="0.247" /><testcase classname="backend.tests.test_direction_arrows.TestDirectionArrows" name="test_get_checkpoints_for_route" time="0.192" /><testcase classname="backend.tests.test_direction_arrows.TestDirectionArrows" name="test_update_checkpoint_with_direction_arrows" time="0.335" /><testcase classname="backend.tests.test_direction_arrows.TestDirectionArrows" name="test_direction_arrows_in_route_checkpoints" time="0.329" /><testcase classname="backend.tests.test_direction_arrows.TestArrowTypes" name="test_all_arrow_types" time="0.322" /></testsuite></testsuites>