<?xml version="1.0" encoding="utf-8"?><testsuites name="pytest tests"><testsuite name="pytest" errors="0" failures="0" skipped="0" tests="24" time="6.373" timestamp="2026-03-10T15:02:50.352232+00:00" hostname="agent-env-ff870638-8d97-4ea6-8790-348c1605d1ee"><testcase classname="backend.tests.test_phase3_phase4.TestSchematicMapEndpoint" name="test_schematic_map_returns_nodes_edges_paths" time="0.159" /><testcase classname="backend.tests.test_phase3_phase4.TestSchematicMapEndpoint" name="test_schematic_map_has_destination_node" time="0.152" /><testcase classname="backend.tests.test_phase3_phase4.TestSchematicMapEndpoint" name="test_schematic_map_has_origin_nodes" time="0.124" /><testcase classname="backend.tests.test_phase3_phase4.TestSchematicMapEndpoint" name="test_schematic_map_route_paths_have_colors" time="0.148" /><testcase classname="backend.tests.test_phase3_phase4.TestSchematicMapEndpoint" name="test_schematic_map_no_building_entrance_route" time="0.157" /><testcase classname="backend.tests.test_phase3_phase4.TestPublicRoutesEndpoint" name="test_public_routes_only_published" time="0.117" /><testcase classname="backend.tests.test_phase3_phase4.TestPublicRoutesEndpoint" name="test_gurudwara_route_exists" time="0.114" /><testcase classname="backend.tests.test_phase3_phase4.TestMediaUploadValidation" name="test_upload_requires_auth" time="0.113" /><testcase classname="backend.tests.test_phase3_phase4.TestMediaUploadValidation" name="test_upload_rejects_unsupported_extension" time="0.415" /><testcase classname="backend.tests.test_phase3_phase4.TestMediaUploadValidation" name="test_upload_rejects_oversized_file" time="1.762" /><testcase classname="backend.tests.test_phase3_phase4.TestMediaUploadValidation" name="test_trainer_can_upload" time="0.313" /><testcase classname="backend.tests.test_phase3_phase4.TestMediaLibraryEndpoint" name="test_admin_media_requires_auth" time="0.146" /><testcase classname="backend.tests.test_phase3_phase4.TestMediaLibraryEndpoint" name="test_admin_media_list" time="0.256" /><testcase classname="backend.tests.test_phase3_phase4.TestMediaLibraryEndpoint" name="test_admin_media_search_filter" time="0.226" /><testcase classname="backend.tests.test_phase3_phase4.TestMediaLibraryEndpoint" name="test_admin_media_type_filter" time="0.274" /><testcase classname="backend.tests.test_phase3_phase4.TestMediaLibraryEndpoint" name="test_trainer_can_access_media_library" time="0.210" /><testcase classname="backend.tests.test_phase3_phase4.TestMediaDeleteRBAC" name="test_trainer_cannot_delete_media" time="0.229" /><testcase classname="backend.tests.test_phase3_phase4.TestMediaDeleteRBAC" name="test_admin_can_delete_media" time="0.246" /><testcase classname="backend.tests.test_phase3_phase4.TestRBACHelpdeskRestrictions" name="test_helpdesk_cannot_access_admin_routes" time="0.266" /><testcase classname="backend.tests.test_phase3_phase4.TestRBACHelpdeskRestrictions" name="test_helpdesk_cannot_access_admin_media" time="0.217" /><testcase classname="backend.tests.test_phase3_phase4.TestRBACHelpdeskRestrictions" name="test_helpdesk_can_access_helpdesk_cases" time="0.216" /><testcase classname="backend.tests.test_phase3_phase4.TestAuthLogin" name="test_admin_login" time="0.140" /><testcase classname="backend.tests.test_phase3_phase4.TestAuthLogin" name="test_trainer_login" time="0.109" /><testcase classname="backend.tests.test_phase3_phase4.TestAuthLogin" name="test_helpdesk_login" time="0.123" /></testsuite></testsuites>